2013/09/01 18:37:24 [error] [exception.CDbException] exception 'CDbException' with message 'CDbConnection failed to open the DB connection: SQLSTATE[28000] [1045] Access denied for user 'core'@'localhost' (using password: YES)' in /var/www/yii/framework/db/CDbConnection.php:382
Stack trace:
#0 /var/www/yii/framework/db/CDbConnection.php(330): CDbConnection->open()
#1 /var/www/yii/framework/db/CDbConnection.php(308): CDbConnection->setActive(true)
#2 /var/www/yii/framework/base/CModule.php(387): CDbConnection->init()
#3 /var/www/yii/framework/base/CModule.php(103): CModule->getComponent('db')
#4 /var/www/yii/framework/gii/generators/crud/CrudCode.php(44): CModule->__get('db')
#5 /var/www/yii/framework/web/CFormModel.php(39): CrudCode->init()
#6 /var/www/yii/framework/gii/CCodeGenerator.php(153): CFormModel->__construct()
#7 /var/www/yii/framework/gii/CCodeGenerator.php(63): CCodeGenerator->prepare()
#8 /var/www/yii/framework/web/actions/CInlineAction.php(49): CCodeGenerator->actionIndex()
#9 /var/www/yii/framework/web/CController.php(308): CInlineAction->runWithParams(Array)
#10 /var/www/yii/framework/web/CController.php(286): CController->runAction(Object(CInlineAction))
#11 /var/www/yii/framework/web/CController.php(265): CController->runActionWithFilters(Object(CInlineAction), Array)
#12 /var/www/yii/framework/web/CWebApplication.php(282): CController->run('index')
#13 /var/www/yii/framework/web/CWebApplication.php(141): CWebApplication->runController('gii/crud/index')
#14 /var/www/yii/framework/base/CApplication.php(180): CWebApplication->processRequest()
#15 /var/www/core/index.php(13): CApplication->run()
#16 {main}
REQUEST_URI=/core/index.php/gii/crud/index
HTTP_REFERER=http://localhost/core/index.php/gii/default/index
---
2013/09/01 18:38:20 [error] [exception.CDbException] exception 'CDbException' with message 'CDbConnection failed to open the DB connection: SQLSTATE[28000] [1045] Access denied for user 'core'@'localhost' (using password: YES)' in /var/www/yii/framework/db/CDbConnection.php:382
Stack trace:
#0 /var/www/yii/framework/db/CDbConnection.php(330): CDbConnection->open()
#1 /var/www/yii/framework/db/CDbConnection.php(308): CDbConnection->setActive(true)
#2 /var/www/yii/framework/base/CModule.php(387): CDbConnection->init()
#3 /var/www/yii/framework/base/CModule.php(103): CModule->getComponent('db')
#4 /var/www/yii/framework/gii/generators/crud/CrudCode.php(44): CModule->__get('db')
#5 /var/www/yii/framework/web/CFormModel.php(39): CrudCode->init()
#6 /var/www/yii/framework/gii/CCodeGenerator.php(153): CFormModel->__construct()
#7 /var/www/yii/framework/gii/CCodeGenerator.php(63): CCodeGenerator->prepare()
#8 /var/www/yii/framework/web/actions/CInlineAction.php(49): CCodeGenerator->actionIndex()
#9 /var/www/yii/framework/web/CController.php(308): CInlineAction->runWithParams(Array)
#10 /var/www/yii/framework/web/CController.php(286): CController->runAction(Object(CInlineAction))
#11 /var/www/yii/framework/web/CController.php(265): CController->runActionWithFilters(Object(CInlineAction), Array)
#12 /var/www/yii/framework/web/CWebApplication.php(282): CController->run('index')
#13 /var/www/yii/framework/web/CWebApplication.php(141): CWebApplication->runController('gii/crud/index')
#14 /var/www/yii/framework/base/CApplication.php(180): CWebApplication->processRequest()
#15 /var/www/core/index.php(13): CApplication->run()
#16 {main}
REQUEST_URI=/core/index.php/gii/crud/index
HTTP_REFERER=http://localhost/core/index.php/gii/default/index
---
2013/09/01 18:38:21 [error] [exception.CDbException] exception 'CDbException' with message 'CDbConnection failed to open the DB connection: SQLSTATE[28000] [1045] Access denied for user 'core'@'localhost' (using password: YES)' in /var/www/yii/framework/db/CDbConnection.php:382
Stack trace:
#0 /var/www/yii/framework/db/CDbConnection.php(330): CDbConnection->open()
#1 /var/www/yii/framework/db/CDbConnection.php(308): CDbConnection->setActive(true)
#2 /var/www/yii/framework/base/CModule.php(387): CDbConnection->init()
#3 /var/www/yii/framework/base/CModule.php(103): CModule->getComponent('db')
#4 /var/www/yii/framework/gii/generators/crud/CrudCode.php(44): CModule->__get('db')
#5 /var/www/yii/framework/web/CFormModel.php(39): CrudCode->init()
#6 /var/www/yii/framework/gii/CCodeGenerator.php(153): CFormModel->__construct()
#7 /var/www/yii/framework/gii/CCodeGenerator.php(63): CCodeGenerator->prepare()
#8 /var/www/yii/framework/web/actions/CInlineAction.php(49): CCodeGenerator->actionIndex()
#9 /var/www/yii/framework/web/CController.php(308): CInlineAction->runWithParams(Array)
#10 /var/www/yii/framework/web/CController.php(286): CController->runAction(Object(CInlineAction))
#11 /var/www/yii/framework/web/CController.php(265): CController->runActionWithFilters(Object(CInlineAction), Array)
#12 /var/www/yii/framework/web/CWebApplication.php(282): CController->run('index')
#13 /var/www/yii/framework/web/CWebApplication.php(141): CWebApplication->runController('gii/crud/index')
#14 /var/www/yii/framework/base/CApplication.php(180): CWebApplication->processRequest()
#15 /var/www/core/index.php(13): CApplication->run()
#16 {main}
REQUEST_URI=/core/index.php/gii/crud/index
HTTP_REFERER=http://localhost/core/index.php/gii/default/index
---
2013/09/01 18:38:22 [error] [exception.CDbException] exception 'CDbException' with message 'CDbConnection failed to open the DB connection: SQLSTATE[28000] [1045] Access denied for user 'core'@'localhost' (using password: YES)' in /var/www/yii/framework/db/CDbConnection.php:382
Stack trace:
#0 /var/www/yii/framework/db/CDbConnection.php(330): CDbConnection->open()
#1 /var/www/yii/framework/db/CDbConnection.php(308): CDbConnection->setActive(true)
#2 /var/www/yii/framework/base/CModule.php(387): CDbConnection->init()
#3 /var/www/yii/framework/base/CModule.php(103): CModule->getComponent('db')
#4 /var/www/yii/framework/gii/generators/crud/CrudCode.php(44): CModule->__get('db')
#5 /var/www/yii/framework/web/CFormModel.php(39): CrudCode->init()
#6 /var/www/yii/framework/gii/CCodeGenerator.php(153): CFormModel->__construct()
#7 /var/www/yii/framework/gii/CCodeGenerator.php(63): CCodeGenerator->prepare()
#8 /var/www/yii/framework/web/actions/CInlineAction.php(49): CCodeGenerator->actionIndex()
#9 /var/www/yii/framework/web/CController.php(308): CInlineAction->runWithParams(Array)
#10 /var/www/yii/framework/web/CController.php(286): CController->runAction(Object(CInlineAction))
#11 /var/www/yii/framework/web/CController.php(265): CController->runActionWithFilters(Object(CInlineAction), Array)
#12 /var/www/yii/framework/web/CWebApplication.php(282): CController->run('index')
#13 /var/www/yii/framework/web/CWebApplication.php(141): CWebApplication->runController('gii/crud/index')
#14 /var/www/yii/framework/base/CApplication.php(180): CWebApplication->processRequest()
#15 /var/www/core/index.php(13): CApplication->run()
#16 {main}
REQUEST_URI=/core/index.php/gii/crud/index
HTTP_REFERER=http://localhost/core/index.php/gii/default/index
---
2013/09/01 21:12:53 [error] [php] Array to string conversion (/var/www/yii/framework/web/helpers/CHtml.php:162)
Stack trace:
#0 /var/www/yii/framework/web/CBaseController.php(126): require()
#1 /var/www/yii/framework/web/CBaseController.php(95): InstallController->renderInternal()
#2 /var/www/yii/framework/web/CController.php(869): InstallController->renderFile()
#3 /var/www/yii/framework/web/CController.php(782): InstallController->renderPartial()
#4 /var/www/core/protected/controllers/InstallController.php(64): InstallController->render()
#5 /var/www/yii/framework/web/actions/CInlineAction.php(49): InstallController->actionIndex()
#6 /var/www/yii/framework/web/CController.php(308): CInlineAction->runWithParams()
#7 /var/www/yii/framework/web/CController.php(286): InstallController->runAction()
#8 /var/www/yii/framework/web/CController.php(265): InstallController->runActionWithFilters()
#9 /var/www/yii/framework/web/CWebApplication.php(282): InstallController->run()
#10 /var/www/yii/framework/web/CWebApplication.php(141): CWebApplication->runController()
#11 /var/www/yii/framework/base/CApplication.php(180): CWebApplication->processRequest()
#12 /var/www/core/index.php(13): CWebApplication->run()
REQUEST_URI=/core/install
in /var/www/core/protected/views/install/index.php (16)
in /var/www/core/protected/controllers/InstallController.php (64)
in /var/www/core/index.php (13)
2013/09/01 21:13:25 [error] [exception.CException] exception 'CException' with message 'Property "Account.satus" is not defined.' in /var/www/yii/framework/base/CComponent.php:130
Stack trace:
#0 /var/www/yii/framework/db/ar/CActiveRecord.php(145): CComponent->__get('satus')
#1 /var/www/core/protected/controllers/InstallController.php(14): CActiveRecord->__get('satus')
#2 [internal function]: InstallController->actionDatabaseCreation('1')
#3 /var/www/yii/framework/web/actions/CAction.php(108): ReflectionMethod->invokeArgs(Object(InstallController), Array)
#4 /var/www/yii/framework/web/actions/CInlineAction.php(47): CAction->runWithParamsInternal(Object(InstallController), Object(ReflectionMethod), Array)
#5 /var/www/yii/framework/web/CController.php(308): CInlineAction->runWithParams(Array)
#6 /var/www/yii/framework/web/CController.php(286): CController->runAction(Object(CInlineAction))
#7 /var/www/yii/framework/web/CController.php(265): CController->runActionWithFilters(Object(CInlineAction), Array)
#8 /var/www/yii/framework/web/CWebApplication.php(282): CController->run('databaseCreatio...')
#9 /var/www/yii/framework/web/CWebApplication.php(141): CWebApplication->runController('install/databas...')
#10 /var/www/yii/framework/base/CApplication.php(180): CWebApplication->processRequest()
#11 /var/www/core/index.php(13): CApplication->run()
#12 {main}
REQUEST_URI=/core/index.php/install/databaseCreation?account=1
HTTP_REFERER=http://localhost/core/install
---
2013/09/01 21:13:40 [error] [exception.CException] exception 'CException' with message 'Property "Account.prefix" is not defined.' in /var/www/yii/framework/base/CComponent.php:173
Stack trace:
#0 /var/www/yii/framework/db/ar/CActiveRecord.php(161): CComponent->__set('prefix', 'a1_test_')
#1 /var/www/core/protected/controllers/InstallController.php(20): CActiveRecord->__set('prefix', 'a1_test_')
#2 [internal function]: InstallController->actionDatabaseCreation('1')
#3 /var/www/yii/framework/web/actions/CAction.php(108): ReflectionMethod->invokeArgs(Object(InstallController), Array)
#4 /var/www/yii/framework/web/actions/CInlineAction.php(47): CAction->runWithParamsInternal(Object(InstallController), Object(ReflectionMethod), Array)
#5 /var/www/yii/framework/web/CController.php(308): CInlineAction->runWithParams(Array)
#6 /var/www/yii/framework/web/CController.php(286): CController->runAction(Object(CInlineAction))
#7 /var/www/yii/framework/web/CController.php(265): CController->runActionWithFilters(Object(CInlineAction), Array)
#8 /var/www/yii/framework/web/CWebApplication.php(282): CController->run('databaseCreatio...')
#9 /var/www/yii/framework/web/CWebApplication.php(141): CWebApplication->runController('install/databas...')
#10 /var/www/yii/framework/base/CApplication.php(180): CWebApplication->processRequest()
#11 /var/www/core/index.php(13): CApplication->run()
#12 {main}
REQUEST_URI=/core/index.php/install/databaseCreation?account=1
HTTP_REFERER=http://localhost/core/install
---
2013/09/01 21:13:50 [error] [php] Undefined variable: connection (/var/www/core/protected/controllers/InstallController.php:22)
Stack trace:
#0 /var/www/yii/framework/web/actions/CInlineAction.php(47): CInlineAction->runWithParamsInternal()
#1 /var/www/yii/framework/web/CController.php(308): CInlineAction->runWithParams()
#2 /var/www/yii/framework/web/CController.php(286): InstallController->runAction()
#3 /var/www/yii/framework/web/CController.php(265): InstallController->runActionWithFilters()
#4 /var/www/yii/framework/web/CWebApplication.php(282): InstallController->run()
#5 /var/www/yii/framework/web/CWebApplication.php(141): CWebApplication->runController()
#6 /var/www/yii/framework/base/CApplication.php(180): CWebApplication->processRequest()
#7 /var/www/core/index.php(13): CWebApplication->run()
REQUEST_URI=/core/index.php/install/databaseCreation?account=1
in /var/www/core/protected/controllers/InstallController.php (22)
in /var/www/core/index.php (13)
2013/09/01 21:14:08 [error] [exception.CException] exception 'CException' with message 'Property "CWebApplication.db_library" is not defined.' in /var/www/yii/framework/base/CComponent.php:130
Stack trace:
#0 /var/www/yii/framework/base/CModule.php(105): CComponent->__get('db_library')
#1 /var/www/core/protected/controllers/InstallController.php(22): CModule->__get('db_library')
#2 [internal function]: InstallController->actionDatabaseCreation('1')
#3 /var/www/yii/framework/web/actions/CAction.php(108): ReflectionMethod->invokeArgs(Object(InstallController), Array)
#4 /var/www/yii/framework/web/actions/CInlineAction.php(47): CAction->runWithParamsInternal(Object(InstallController), Object(ReflectionMethod), Array)
#5 /var/www/yii/framework/web/CController.php(308): CInlineAction->runWithParams(Array)
#6 /var/www/yii/framework/web/CController.php(286): CController->runAction(Object(CInlineAction))
#7 /var/www/yii/framework/web/CController.php(265): CController->runActionWithFilters(Object(CInlineAction), Array)
#8 /var/www/yii/framework/web/CWebApplication.php(282): CController->run('databaseCreatio...')
#9 /var/www/yii/framework/web/CWebApplication.php(141): CWebApplication->runController('install/databas...')
#10 /var/www/yii/framework/base/CApplication.php(180): CWebApplication->processRequest()
#11 /var/www/core/index.php(13): CApplication->run()
#12 {main}
REQUEST_URI=/core/index.php/install/databaseCreation?account=1
HTTP_REFERER=http://localhost/core/install
---
2013/09/01 21:14:23 [error] [exception.CException] exception 'CException' with message 'Object configuration must be an array containing a "class" element.' in /var/www/yii/framework/YiiBase.php:193
Stack trace:
#0 /var/www/yii/framework/base/CModule.php(386): YiiBase::createComponent(Array)
#1 /var/www/yii/framework/base/CModule.php(103): CModule->getComponent('db_library')
#2 /var/www/core/protected/controllers/InstallController.php(22): CModule->__get('db_library')
#3 [internal function]: InstallController->actionDatabaseCreation('1')
#4 /var/www/yii/framework/web/actions/CAction.php(108): ReflectionMethod->invokeArgs(Object(InstallController), Array)
#5 /var/www/yii/framework/web/actions/CInlineAction.php(47): CAction->runWithParamsInternal(Object(InstallController), Object(ReflectionMethod), Array)
#6 /var/www/yii/framework/web/CController.php(308): CInlineAction->runWithParams(Array)
#7 /var/www/yii/framework/web/CController.php(286): CController->runAction(Object(CInlineAction))
#8 /var/www/yii/framework/web/CController.php(265): CController->runActionWithFilters(Object(CInlineAction), Array)
#9 /var/www/yii/framework/web/CWebApplication.php(282): CController->run('databaseCreatio...')
#10 /var/www/yii/framework/web/CWebApplication.php(141): CWebApplication->runController('install/databas...')
#11 /var/www/yii/framework/base/CApplication.php(180): CWebApplication->processRequest()
#12 /var/www/core/index.php(13): CApplication->run()
#13 {main}
REQUEST_URI=/core/index.php/install/databaseCreation?account=1
HTTP_REFERER=http://localhost/core/install
---
2013/09/01 23:09:11 [error] [php] urlencode() expects parameter 1 to be string, object given (/var/www/yii/framework/web/CUrlManager.php:440)
Stack trace:
#0 /var/www/yii/framework/web/CUrlManager.php(302): CUrlRule->createUrl()
#1 /var/www/yii/framework/base/CApplication.php(543): CUrlManager->createUrl()
#2 /var/www/yii/framework/web/CController.php(967): CWebApplication->createUrl()
#3 /var/www/yii/framework/web/CController.php(1028): InstallController->createUrl()
#4 /var/www/core/protected/controllers/InstallController.php(16): InstallController->redirect()
#5 unknown(0): InstallController->actionDatabaseCreation()
#6 /var/www/yii/framework/web/actions/CAction.php(108): ReflectionMethod->invokeArgs()
#7 /var/www/yii/framework/web/actions/CInlineAction.php(47): CInlineAction->runWithParamsInternal()
#8 /var/www/yii/framework/web/CController.php(308): CInlineAction->runWithParams()
#9 /var/www/yii/framework/web/CController.php(286): InstallController->runAction()
#10 /var/www/yii/framework/web/CController.php(265): InstallController->runActionWithFilters()
#11 /var/www/yii/framework/web/CWebApplication.php(282): InstallController->run()
#12 /var/www/yii/framework/web/CWebApplication.php(141): CWebApplication->runController()
#13 /var/www/yii/framework/base/CApplication.php(180): CWebApplication->processRequest()
#14 /var/www/core/index.php(12): CWebApplication->run()
REQUEST_URI=/core/index.php/install/databaseCreation?account=1
in /var/www/core/protected/controllers/InstallController.php (16)
in /var/www/core/index.php (12)
2013/09/01 23:10:40 [error] [php] mkdir(): No such file or directory (/var/www/core/protected/controllers/InstallController.php:285)
Stack trace:
#0 unknown(0): InstallController->actionFilesCreation()
#1 /var/www/yii/framework/web/actions/CAction.php(108): ReflectionMethod->invokeArgs()
#2 /var/www/yii/framework/web/actions/CInlineAction.php(47): CInlineAction->runWithParamsInternal()
#3 /var/www/yii/framework/web/CController.php(308): CInlineAction->runWithParams()
#4 /var/www/yii/framework/web/CController.php(286): InstallController->runAction()
#5 /var/www/yii/framework/web/CController.php(265): InstallController->runActionWithFilters()
#6 /var/www/yii/framework/web/CWebApplication.php(282): InstallController->run()
#7 /var/www/yii/framework/web/CWebApplication.php(141): CWebApplication->runController()
#8 /var/www/yii/framework/base/CApplication.php(180): CWebApplication->processRequest()
#9 /var/www/core/index.php(12): CWebApplication->run()
REQUEST_URI=/core/index.php/install/filesCreation?account=1
in /var/www/core/protected/controllers/InstallController.php (285)
in /var/www/core/protected/controllers/InstallController.php (60)
in /var/www/core/index.php (12)
2013/09/01 23:13:14 [error] [php] mkdir(): Permission denied (/var/www/core/protected/controllers/InstallController.php:285)
Stack trace:
#0 unknown(0): InstallController->actionFilesCreation()
#1 /var/www/yii/framework/web/actions/CAction.php(108): ReflectionMethod->invokeArgs()
#2 /var/www/yii/framework/web/actions/CInlineAction.php(47): CInlineAction->runWithParamsInternal()
#3 /var/www/yii/framework/web/CController.php(308): CInlineAction->runWithParams()
#4 /var/www/yii/framework/web/CController.php(286): InstallController->runAction()
#5 /var/www/yii/framework/web/CController.php(265): InstallController->runActionWithFilters()
#6 /var/www/yii/framework/web/CWebApplication.php(282): InstallController->run()
#7 /var/www/yii/framework/web/CWebApplication.php(141): CWebApplication->runController()
#8 /var/www/yii/framework/base/CApplication.php(180): CWebApplication->processRequest()
#9 /var/www/core/index.php(12): CWebApplication->run()
REQUEST_URI=/core/index.php/install/filesCreation?account=1
in /var/www/core/protected/controllers/InstallController.php (285)
in /var/www/core/protected/controllers/InstallController.php (60)
in /var/www/core/index.php (12)
2013/09/02 13:41:33 [error] [php] Trying to get property of non-object (/var/www/core/protected/controllers/InstallController.php:135)
Stack trace:
#0 /var/www/yii/framework/web/actions/CInlineAction.php(47): CInlineAction->runWithParamsInternal()
#1 /var/www/yii/framework/web/CController.php(308): CInlineAction->runWithParams()
#2 /var/www/yii/framework/web/CController.php(286): InstallController->runAction()
#3 /var/www/yii/framework/web/CController.php(265): InstallController->runActionWithFilters()
#4 /var/www/yii/framework/web/CWebApplication.php(282): InstallController->run()
#5 /var/www/yii/framework/web/CWebApplication.php(141): CWebApplication->runController()
#6 /var/www/yii/framework/base/CApplication.php(180): CWebApplication->processRequest()
#7 /var/www/core/index.php(12): CWebApplication->run()
REQUEST_URI=/core/index.php/install/initialization?account=1
in /var/www/core/protected/controllers/InstallController.php (135)
in /var/www/core/index.php (12)
2013/09/02 13:48:32 [error] [system.db.CDbCommand] CDbCommand::execute() failed: SQLSTATE[23000]: Integrity constraint violation: 1062 Duplicate entry '1' for key 'PRIMARY'. The SQL statement executed was: 
		INSERT INTO `library`.`a1_test_tbl_user` VALUES(
			1,
			'Administrator',
			' ',
			' ',
			'test@test',
			'd8578edf8458ce06fbc5bb76a58c5ca4',
			'sadmin',
			MD5('test@testd8578edf8458ce06fbc5bb76a58c5ca4')
		);
		.
in /var/www/core/protected/controllers/InstallController.php (143)
in /var/www/core/index.php (12)
2013/09/02 13:57:25 [error] [php] mkdir(): File exists (/var/www/core/protected/controllers/InstallController.php:382)
Stack trace:
#0 unknown(0): InstallController->actionFilesCreation()
#1 /var/www/yii/framework/web/actions/CAction.php(108): ReflectionMethod->invokeArgs()
#2 /var/www/yii/framework/web/actions/CInlineAction.php(47): CInlineAction->runWithParamsInternal()
#3 /var/www/yii/framework/web/CController.php(308): CInlineAction->runWithParams()
#4 /var/www/yii/framework/web/CController.php(286): InstallController->runAction()
#5 /var/www/yii/framework/web/CController.php(265): InstallController->runActionWithFilters()
#6 /var/www/yii/framework/web/CWebApplication.php(282): InstallController->run()
#7 /var/www/yii/framework/web/CWebApplication.php(141): CWebApplication->runController()
#8 /var/www/yii/framework/base/CApplication.php(180): CWebApplication->processRequest()
#9 /var/www/core/index.php(12): CWebApplication->run()
REQUEST_URI=/core/index.php/install/filesCreation?account=1
in /var/www/core/protected/controllers/InstallController.php (382)
in /var/www/core/protected/controllers/InstallController.php (64)
in /var/www/core/index.php (12)
2013/09/02 15:08:08 [error] [php] mkdir(): File exists (/var/www/core/protected/controllers/InstallController.php:395)
Stack trace:
#0 unknown(0): InstallController->actionFilesCreation()
#1 /var/www/yii/framework/web/actions/CAction.php(108): ReflectionMethod->invokeArgs()
#2 /var/www/yii/framework/web/actions/CInlineAction.php(47): CInlineAction->runWithParamsInternal()
#3 /var/www/yii/framework/web/CController.php(308): CInlineAction->runWithParams()
#4 /var/www/yii/framework/web/CController.php(286): InstallController->runAction()
#5 /var/www/yii/framework/web/CController.php(265): InstallController->runActionWithFilters()
#6 /var/www/yii/framework/web/CWebApplication.php(282): InstallController->run()
#7 /var/www/yii/framework/web/CWebApplication.php(141): CWebApplication->runController()
#8 /var/www/yii/framework/base/CApplication.php(180): CWebApplication->processRequest()
#9 /var/www/core/index.php(12): CWebApplication->run()
REQUEST_URI=/core/index.php/install/filesCreation?account=1
in /var/www/core/protected/controllers/InstallController.php (395)
in /var/www/core/protected/controllers/InstallController.php (77)
in /var/www/core/index.php (12)
2013/09/02 16:15:32 [error] [exception.CHttpException.404] exception 'CHttpException' with message 'The system is unable to find the requested action "databaseCreation".' in /var/www/yii/framework/web/CController.php:483
Stack trace:
#0 /var/www/yii/framework/web/CController.php(270): CController->missingAction('databaseCreatio...')
#1 /var/www/yii/framework/web/CWebApplication.php(282): CController->run('databaseCreatio...')
#2 /var/www/yii/framework/web/CWebApplication.php(141): CWebApplication->runController('install/databas...')
#3 /var/www/yii/framework/base/CApplication.php(180): CWebApplication->processRequest()
#4 /var/www/core/index.php(12): CApplication->run()
#5 {main}
REQUEST_URI=/core/index.php/install/databaseCreation?account=1
HTTP_REFERER=http://localhost/core/index.php/install
---
2013/09/02 16:15:57 [error] [exception.CHttpException.404] exception 'CHttpException' with message 'The system is unable to find the requested action "databaseCreation".' in /var/www/yii/framework/web/CController.php:483
Stack trace:
#0 /var/www/yii/framework/web/CController.php(270): CController->missingAction('databaseCreatio...')
#1 /var/www/yii/framework/web/CWebApplication.php(282): CController->run('databaseCreatio...')
#2 /var/www/yii/framework/web/CWebApplication.php(141): CWebApplication->runController('install/databas...')
#3 /var/www/yii/framework/base/CApplication.php(180): CWebApplication->processRequest()
#4 /var/www/core/index.php(12): CApplication->run()
#5 {main}
REQUEST_URI=/core/index.php/install/databaseCreation?account=1
HTTP_REFERER=http://localhost/core/index.php/install/install?account=1
---
2013/09/02 16:17:13 [error] [php] mkdir(): File exists (/var/www/core/protected/controllers/InstallController.php:401)
Stack trace:
#0 /var/www/core/protected/controllers/InstallController.php(42): InstallController->createFiles()
#1 unknown(0): InstallController->actionInstall()
#2 /var/www/yii/framework/web/actions/CAction.php(108): ReflectionMethod->invokeArgs()
#3 /var/www/yii/framework/web/actions/CInlineAction.php(47): CInlineAction->runWithParamsInternal()
#4 /var/www/yii/framework/web/CController.php(308): CInlineAction->runWithParams()
#5 /var/www/yii/framework/web/CController.php(286): InstallController->runAction()
#6 /var/www/yii/framework/web/CController.php(265): InstallController->runActionWithFilters()
#7 /var/www/yii/framework/web/CWebApplication.php(282): InstallController->run()
#8 /var/www/yii/framework/web/CWebApplication.php(141): CWebApplication->runController()
#9 /var/www/yii/framework/base/CApplication.php(180): CWebApplication->processRequest()
#10 /var/www/core/index.php(12): CWebApplication->run()
REQUEST_URI=/core/index.php/install/install?account=1
in /var/www/core/protected/controllers/InstallController.php (401)
in /var/www/core/protected/controllers/InstallController.php (123)
in /var/www/core/protected/controllers/InstallController.php (42)
2013/09/02 16:17:18 [error] [php] mkdir(): File exists (/var/www/core/protected/controllers/InstallController.php:401)
Stack trace:
#0 /var/www/core/protected/controllers/InstallController.php(42): InstallController->createFiles()
#1 unknown(0): InstallController->actionInstall()
#2 /var/www/yii/framework/web/actions/CAction.php(108): ReflectionMethod->invokeArgs()
#3 /var/www/yii/framework/web/actions/CInlineAction.php(47): CInlineAction->runWithParamsInternal()
#4 /var/www/yii/framework/web/CController.php(308): CInlineAction->runWithParams()
#5 /var/www/yii/framework/web/CController.php(286): InstallController->runAction()
#6 /var/www/yii/framework/web/CController.php(265): InstallController->runActionWithFilters()
#7 /var/www/yii/framework/web/CWebApplication.php(282): InstallController->run()
#8 /var/www/yii/framework/web/CWebApplication.php(141): CWebApplication->runController()
#9 /var/www/yii/framework/base/CApplication.php(180): CWebApplication->processRequest()
#10 /var/www/core/index.php(12): CWebApplication->run()
REQUEST_URI=/core/index.php/install/install?account=1
in /var/www/core/protected/controllers/InstallController.php (401)
in /var/www/core/protected/controllers/InstallController.php (123)
in /var/www/core/protected/controllers/InstallController.php (42)
2013/09/02 16:33:30 [error] [php] symlink(): File exists (/var/www/core/protected/controllers/InstallController.php:124)
Stack trace:
#0 unknown(0): InstallController->actionInstall()
#1 /var/www/yii/framework/web/actions/CAction.php(108): ReflectionMethod->invokeArgs()
#2 /var/www/yii/framework/web/actions/CInlineAction.php(47): CInlineAction->runWithParamsInternal()
#3 /var/www/yii/framework/web/CController.php(308): CInlineAction->runWithParams()
#4 /var/www/yii/framework/web/CController.php(286): InstallController->runAction()
#5 /var/www/yii/framework/web/CController.php(265): InstallController->runActionWithFilters()
#6 /var/www/yii/framework/web/CWebApplication.php(282): InstallController->run()
#7 /var/www/yii/framework/web/CWebApplication.php(141): CWebApplication->runController()
#8 /var/www/yii/framework/base/CApplication.php(180): CWebApplication->processRequest()
#9 /var/www/core/index.php(12): CWebApplication->run()
REQUEST_URI=/core/index.php/install/install?account=1
in /var/www/core/protected/controllers/InstallController.php (124)
in /var/www/core/protected/controllers/InstallController.php (42)
in /var/www/core/index.php (12)
2013/09/02 19:55:25 [error] [exception.CDbException] exception 'CDbException' with message 'Table "tbl_account" does not have a column named "pass".' in /var/www/yii/framework/db/schema/CDbCommandBuilder.php:694
Stack trace:
#0 /var/www/yii/framework/db/ar/CActiveRecord.php(1518): CDbCommandBuilder->createColumnCriteria(Object(CMysqlTableSchema), Array, '', Array, '`t`.')
#1 /var/www/core/protected/components/UserIdentity.php(26): CActiveRecord->findByAttributes(Array)
#2 /var/www/core/protected/models/LoginForm.php(52): UserIdentity->authenticate()
#3 /var/www/yii/framework/validators/CInlineValidator.php(42): LoginForm->authenticate('password', Array)
#4 /var/www/yii/framework/validators/CValidator.php(213): CInlineValidator->validateAttribute(Object(LoginForm), 'password')
#5 /var/www/yii/framework/base/CModel.php(159): CValidator->validate(Object(LoginForm), NULL)
#6 /var/www/core/protected/controllers/SiteController.php(94): CModel->validate()
#7 /var/www/yii/framework/web/actions/CInlineAction.php(49): SiteController->actionLogin()
#8 /var/www/yii/framework/web/CController.php(308): CInlineAction->runWithParams(Array)
#9 /var/www/yii/framework/web/CController.php(286): CController->runAction(Object(CInlineAction))
#10 /var/www/yii/framework/web/CController.php(265): CController->runActionWithFilters(Object(CInlineAction), Array)
#11 /var/www/yii/framework/web/CWebApplication.php(282): CController->run('login')
#12 /var/www/yii/framework/web/CWebApplication.php(141): CWebApplication->runController('site/login')
#13 /var/www/yii/framework/base/CApplication.php(180): CWebApplication->processRequest()
#14 /var/www/core/index.php(12): CApplication->run()
#15 {main}
REQUEST_URI=/core/index.php/site/login
HTTP_REFERER=http://localhost/core/index.php/site/login
---
2013/09/03 00:22:37 [error] [php] include(User.php): failed to open stream: No such file or directory (/var/www/yii/framework/YiiBase.php:427)
Stack trace:
#0 /var/www/core/protected/controllers/RegistrationController.php(36): spl_autoload_call()
#1 /var/www/core/protected/controllers/RegistrationController.php(88): RegistrationController->actionRegister()
#2 /var/www/yii/framework/web/actions/CInlineAction.php(49): RegistrationController->actionIndex()
#3 /var/www/yii/framework/web/CController.php(308): CInlineAction->runWithParams()
#4 /var/www/yii/framework/web/CController.php(286): RegistrationController->runAction()
#5 /var/www/yii/framework/web/CController.php(265): RegistrationController->runActionWithFilters()
#6 /var/www/yii/framework/web/CWebApplication.php(282): RegistrationController->run()
#7 /var/www/yii/framework/web/CWebApplication.php(141): CWebApplication->runController()
#8 /var/www/yii/framework/base/CApplication.php(180): CWebApplication->processRequest()
#9 /var/www/core/index.php(12): CWebApplication->run()
REQUEST_URI=/core/registration
in /var/www/core/protected/controllers/RegistrationController.php (36)
in /var/www/core/protected/controllers/RegistrationController.php (88)
in /var/www/core/index.php (12)
2013/09/03 00:25:54 [error] [php] htmlspecialchars() expects parameter 1 to be string, array given (/var/www/yii/framework/web/helpers/CHtml.php:103)
Stack trace:
#0 /var/www/yii/framework/web/helpers/CHtml.php(158): renderAttributes()
#1 /var/www/yii/framework/web/helpers/CHtml.php(1351): tag()
#2 /var/www/yii/framework/web/helpers/CHtml.php(596): inputField()
#3 /var/www/core/protected/views/registration/registration.php(52): textField()
#4 /var/www/yii/framework/web/CBaseController.php(126): require()
#5 /var/www/yii/framework/web/CBaseController.php(95): RegistrationController->renderInternal()
#6 /var/www/yii/framework/web/CController.php(869): RegistrationController->renderFile()
#7 /var/www/yii/framework/web/CController.php(782): RegistrationController->renderPartial()
#8 /var/www/core/protected/controllers/RegistrationController.php(83): RegistrationController->render()
#9 /var/www/core/protected/controllers/RegistrationController.php(88): RegistrationController->actionRegister()
#10 /var/www/yii/framework/web/actions/CInlineAction.php(49): RegistrationController->actionIndex()
#11 /var/www/yii/framework/web/CController.php(308): CInlineAction->runWithParams()
#12 /var/www/yii/framework/web/CController.php(286): RegistrationController->runAction()
#13 /var/www/yii/framework/web/CController.php(265): RegistrationController->runActionWithFilters()
#14 /var/www/yii/framework/web/CWebApplication.php(282): RegistrationController->run()
#15 /var/www/yii/framework/web/CWebApplication.php(141): CWebApplication->runController()
#16 /var/www/yii/framework/base/CApplication.php(180): CWebApplication->processRequest()
#17 /var/www/core/index.php(12): CWebApplication->run()
REQUEST_URI=/core/registration
in /var/www/core/protected/views/registration/registration.php (52)
in /var/www/core/protected/controllers/RegistrationController.php (83)
in /var/www/core/protected/controllers/RegistrationController.php (88)
2013/09/03 00:55:49 [error] [exception.CException] exception 'CException' with message 'Property "Account.pass" is not defined.' in /var/www/yii/framework/base/CComponent.php:130
Stack trace:
#0 /var/www/yii/framework/db/ar/CActiveRecord.php(145): CComponent->__get('pass')
#1 /var/www/core/protected/controllers/RegistrationController.php(44): CActiveRecord->__get('pass')
#2 /var/www/core/protected/controllers/RegistrationController.php(113): RegistrationController->actionRegister()
#3 /var/www/yii/framework/web/actions/CInlineAction.php(49): RegistrationController->actionIndex()
#4 /var/www/yii/framework/web/CController.php(308): CInlineAction->runWithParams(Array)
#5 /var/www/yii/framework/web/CController.php(286): CController->runAction(Object(CInlineAction))
#6 /var/www/yii/framework/web/CController.php(265): CController->runActionWithFilters(Object(CInlineAction), Array)
#7 /var/www/yii/framework/web/CWebApplication.php(282): CController->run('')
#8 /var/www/yii/framework/web/CWebApplication.php(141): CWebApplication->runController('registration')
#9 /var/www/yii/framework/base/CApplication.php(180): CWebApplication->processRequest()
#10 /var/www/core/index.php(12): CApplication->run()
#11 {main}
REQUEST_URI=/core/registration
HTTP_REFERER=http://localhost/core/registration
---
2013/09/03 00:56:15 [error] [exception.CException] exception 'CException' with message 'Property "Account.pass" is not defined.' in /var/www/yii/framework/base/CComponent.php:130
Stack trace:
#0 /var/www/yii/framework/db/ar/CActiveRecord.php(145): CComponent->__get('pass')
#1 /var/www/core/protected/controllers/RegistrationController.php(46): CActiveRecord->__get('pass')
#2 /var/www/core/protected/controllers/RegistrationController.php(113): RegistrationController->actionRegister()
#3 /var/www/yii/framework/web/actions/CInlineAction.php(49): RegistrationController->actionIndex()
#4 /var/www/yii/framework/web/CController.php(308): CInlineAction->runWithParams(Array)
#5 /var/www/yii/framework/web/CController.php(286): CController->runAction(Object(CInlineAction))
#6 /var/www/yii/framework/web/CController.php(265): CController->runActionWithFilters(Object(CInlineAction), Array)
#7 /var/www/yii/framework/web/CWebApplication.php(282): CController->run('')
#8 /var/www/yii/framework/web/CWebApplication.php(141): CWebApplication->runController('registration')
#9 /var/www/yii/framework/base/CApplication.php(180): CWebApplication->processRequest()
#10 /var/www/core/index.php(12): CApplication->run()
#11 {main}
REQUEST_URI=/core/registration
HTTP_REFERER=http://localhost/core/registration
---
2013/09/03 00:56:16 [error] [exception.CException] exception 'CException' with message 'Property "Account.pass" is not defined.' in /var/www/yii/framework/base/CComponent.php:130
Stack trace:
#0 /var/www/yii/framework/db/ar/CActiveRecord.php(145): CComponent->__get('pass')
#1 /var/www/core/protected/controllers/RegistrationController.php(46): CActiveRecord->__get('pass')
#2 /var/www/core/protected/controllers/RegistrationController.php(113): RegistrationController->actionRegister()
#3 /var/www/yii/framework/web/actions/CInlineAction.php(49): RegistrationController->actionIndex()
#4 /var/www/yii/framework/web/CController.php(308): CInlineAction->runWithParams(Array)
#5 /var/www/yii/framework/web/CController.php(286): CController->runAction(Object(CInlineAction))
#6 /var/www/yii/framework/web/CController.php(265): CController->runActionWithFilters(Object(CInlineAction), Array)
#7 /var/www/yii/framework/web/CWebApplication.php(282): CController->run('')
#8 /var/www/yii/framework/web/CWebApplication.php(141): CWebApplication->runController('registration')
#9 /var/www/yii/framework/base/CApplication.php(180): CWebApplication->processRequest()
#10 /var/www/core/index.php(12): CApplication->run()
#11 {main}
REQUEST_URI=/core/registration
HTTP_REFERER=http://localhost/core/registration
---
2013/09/03 00:56:41 [error] [exception.CException] exception 'CException' with message 'Property "Account.pass" is not defined.' in /var/www/yii/framework/base/CComponent.php:130
Stack trace:
#0 /var/www/yii/framework/db/ar/CActiveRecord.php(145): CComponent->__get('pass')
#1 /var/www/core/protected/controllers/RegistrationController.php(46): CActiveRecord->__get('pass')
#2 /var/www/core/protected/controllers/RegistrationController.php(113): RegistrationController->actionRegister()
#3 /var/www/yii/framework/web/actions/CInlineAction.php(49): RegistrationController->actionIndex()
#4 /var/www/yii/framework/web/CController.php(308): CInlineAction->runWithParams(Array)
#5 /var/www/yii/framework/web/CController.php(286): CController->runAction(Object(CInlineAction))
#6 /var/www/yii/framework/web/CController.php(265): CController->runActionWithFilters(Object(CInlineAction), Array)
#7 /var/www/yii/framework/web/CWebApplication.php(282): CController->run('')
#8 /var/www/yii/framework/web/CWebApplication.php(141): CWebApplication->runController('registration')
#9 /var/www/yii/framework/base/CApplication.php(180): CWebApplication->processRequest()
#10 /var/www/core/index.php(12): CApplication->run()
#11 {main}
REQUEST_URI=/core/registration
HTTP_REFERER=http://localhost/core/registration
---
2013/09/03 00:59:52 [error] [system.db.CDbCommand] CDbCommand::execute() failed: SQLSTATE[23000]: Integrity constraint violation: 1062 Duplicate entry 'test' for key 'login_UNIQUE'. The SQL statement executed was: INSERT INTO `tbl_account` (`status`, `role`, `account`, `login`, `email`, `password`, `check_hash`, `tariff_id`) VALUES (:yp0, :yp1, :yp2, :yp3, :yp4, :yp5, :yp6, :yp7).
in /var/www/core/protected/controllers/RegistrationController.php (83)
in /var/www/core/protected/controllers/RegistrationController.php (113)
in /var/www/core/index.php (12)
2013/09/03 01:16:01 [error] [exception.CException] exception 'CException' with message 'Property "WebUser.getAccount" is not defined.' in /var/www/yii/framework/base/CComponent.php:130
Stack trace:
#0 /var/www/yii/framework/web/auth/CWebUser.php(146): CComponent->__get('getAccount')
#1 /var/www/core/protected/views/site/index.php(24): CWebUser->__get('getAccount')
#2 /var/www/yii/framework/web/CBaseController.php(126): require('/var/www/core/p...')
#3 /var/www/yii/framework/web/CBaseController.php(95): CBaseController->renderInternal('/var/www/core/p...', NULL, true)
#4 /var/www/yii/framework/web/CController.php(869): CBaseController->renderFile('/var/www/core/p...', NULL, true)
#5 /var/www/yii/framework/web/CController.php(782): CController->renderPartial('index', NULL, true)
#6 /var/www/core/protected/controllers/SiteController.php(32): CController->render('index')
#7 /var/www/yii/framework/web/actions/CInlineAction.php(49): SiteController->actionIndex()
#8 /var/www/yii/framework/web/CController.php(308): CInlineAction->runWithParams(Array)
#9 /var/www/yii/framework/web/CController.php(286): CController->runAction(Object(CInlineAction))
#10 /var/www/yii/framework/web/CController.php(265): CController->runActionWithFilters(Object(CInlineAction), Array)
#11 /var/www/yii/framework/web/CWebApplication.php(282): CController->run('index')
#12 /var/www/yii/framework/web/CWebApplication.php(141): CWebApplication->runController('site/index')
#13 /var/www/yii/framework/base/CApplication.php(180): CWebApplication->processRequest()
#14 /var/www/core/index.php(12): CApplication->run()
#15 {main}
REQUEST_URI=/core/index.php/site/index
HTTP_REFERER=http://localhost/core/registration
---
2013/09/03 01:19:59 [error] [exception.CException] exception 'CException' with message 'Property "WebUser.getAccount" is not defined.' in /var/www/yii/framework/base/CComponent.php:130
Stack trace:
#0 /var/www/yii/framework/web/auth/CWebUser.php(146): CComponent->__get('getAccount')
#1 /var/www/core/protected/views/site/index.php(24): CWebUser->__get('getAccount')
#2 /var/www/yii/framework/web/CBaseController.php(126): require('/var/www/core/p...')
#3 /var/www/yii/framework/web/CBaseController.php(95): CBaseController->renderInternal('/var/www/core/p...', NULL, true)
#4 /var/www/yii/framework/web/CController.php(869): CBaseController->renderFile('/var/www/core/p...', NULL, true)
#5 /var/www/yii/framework/web/CController.php(782): CController->renderPartial('index', NULL, true)
#6 /var/www/core/protected/controllers/SiteController.php(32): CController->render('index')
#7 /var/www/yii/framework/web/actions/CInlineAction.php(49): SiteController->actionIndex()
#8 /var/www/yii/framework/web/CController.php(308): CInlineAction->runWithParams(Array)
#9 /var/www/yii/framework/web/CController.php(286): CController->runAction(Object(CInlineAction))
#10 /var/www/yii/framework/web/CController.php(265): CController->runActionWithFilters(Object(CInlineAction), Array)
#11 /var/www/yii/framework/web/CWebApplication.php(282): CController->run('index')
#12 /var/www/yii/framework/web/CWebApplication.php(141): CWebApplication->runController('site/index')
#13 /var/www/yii/framework/base/CApplication.php(180): CWebApplication->processRequest()
#14 /var/www/core/index.php(12): CApplication->run()
#15 {main}
REQUEST_URI=/core/index.php/site/index
HTTP_REFERER=http://localhost/core/registration
---
2013/09/03 01:32:23 [error] [exception.CHttpException.404] exception 'CHttpException' with message 'Unable to resolve the request "reginstration".' in /var/www/yii/framework/web/CWebApplication.php:286
Stack trace:
#0 /var/www/yii/framework/web/CWebApplication.php(141): CWebApplication->runController('reginstration')
#1 /var/www/yii/framework/base/CApplication.php(180): CWebApplication->processRequest()
#2 /var/www/core/index.php(12): CApplication->run()
#3 {main}
REQUEST_URI=/core/index.php/reginstration
HTTP_REFERER=http://localhost/core/index.php
---
2013/09/03 01:32:34 [error] [exception.CHttpException.404] exception 'CHttpException' with message 'Unable to resolve the request "reginstration".' in /var/www/yii/framework/web/CWebApplication.php:286
Stack trace:
#0 /var/www/yii/framework/web/CWebApplication.php(141): CWebApplication->runController('reginstration')
#1 /var/www/yii/framework/base/CApplication.php(180): CWebApplication->processRequest()
#2 /var/www/core/index.php(12): CApplication->run()
#3 {main}
REQUEST_URI=/core/index.php/reginstration
HTTP_REFERER=http://localhost/core/index.php
---
2013/09/03 01:32:36 [error] [exception.CHttpException.404] exception 'CHttpException' with message 'Unable to resolve the request "reginstration".' in /var/www/yii/framework/web/CWebApplication.php:286
Stack trace:
#0 /var/www/yii/framework/web/CWebApplication.php(141): CWebApplication->runController('reginstration')
#1 /var/www/yii/framework/base/CApplication.php(180): CWebApplication->processRequest()
#2 /var/www/core/index.php(12): CApplication->run()
#3 {main}
REQUEST_URI=/core/index.php/reginstration
HTTP_REFERER=http://localhost/core/index.php
---
